<?xml version="1.0" encoding="UTF-8"?>
<!-- Generated by org.testng.reporters.JUnitXMLReporter -->
<testsuite hostname="Tvlad-asus" name="Default test" tests="4" failures="0" timestamp="5 May 2016 14:58:58 GMT" time="3.879" errors="0">
  <testcase name="login01" time="1.838" classname="onGoByRestAssured.ApiTest"/>
  <testcase name="show_Guide_Braintree_Customer" time="1.421" classname="onGoByRestAssured.ApiTest"/>
  <testcase name="show_all_roles" time="0.123" classname="onGoByRestAssured.ApiTest"/>
  <testcase name="show_current_user" time="0.113" classname="onGoByRestAssured.ApiTest"/>
</testsuite> <!-- Default test -->
