<?xml version="1.0" encoding="UTF-8"?>
<testsuite name="TestSuite" time="3.299" tests="4" errors="0" skipped="0" failures="1">
  <properties>
[...]
</properties>
  <testcase name="login01" classname="onGoByRestAssured.ApiTest" time="1.665"/>
  <testcase name="show_Guide_Braintree_Customer" classname="onGoByRestAssured.ApiTest" time="1.403">
    <failure message="1 expectation failed.&#10;Response body doesn&apos;t match expectation.&#10;Expected: The content to match the given JSON schema.&#10;error: object has missing required properties ([&quot;name&quot;,&quot;price&quot;])&#10;    level: &quot;error&quot;&#10;    schema: {&quot;loadingURI&quot;:&quot;#&quot;,&quot;pointer&quot;:&quot;&quot;}&#10;    instance: {&quot;pointer&quot;:&quot;&quot;}&#10;    domain: &quot;validation&quot;&#10;    keyword: &quot;required&quot;&#10;    required: [&quot;id&quot;,&quot;name&quot;,&quot;price&quot;]&#10;    missing: [&quot;name&quot;,&quot;price&quot;]&#10;&#10;  Actual: {&quot;id&quot;:&quot;21349590&quot;,&quot;first_name&quot;:&quot;Tvlad&quot;,&quot;last_name&quot;:&quot;Test&quot;,&quot;company&quot;:&quot;LETZGRO&quot;,&quot;email&quot;:&quot;test@letzgro.com&quot;,&quot;phone&quot;:&quot;312.555.1234&quot;,&quot;fax&quot;:&quot;614.555.5678&quot;,&quot;website&quot;:&quot;www.example.com&quot;,&quot;created_at&quot;:&quot;2016-04-12T15:49:48.000Z&quot;,&quot;updated_at&quot;:&quot;2016-04-12T15:49:48.000Z&quot;,&quot;credit_cards&quot;:[],&quot;default_credit_card&quot;:null}&#10;" type="java.lang.AssertionError">java.lang.AssertionError: 1 expectation failed.
Response body doesn't match expectation.
Expected: The content to match the given JSON schema.
error: object has missing required properties (["name","price"])
    level: "error"
    schema: {"loadingURI":"#","pointer":""}
    instance: {"pointer":""}
    domain: "validation"
    keyword: "required"
    required: ["id","name","price"]
    missing: ["name","price"]

  Actual: {"id":"21349590","first_name":"Tvlad","last_name":"Test","company":"LETZGRO","email":"test@letzgro.com","phone":"312.555.1234","fax":"614.555.5678","website":"www.example.com","created_at":"2016-04-12T15:49:48.000Z","updated_at":"2016-04-12T15:49:48.000Z","credit_cards":[],"default_credit_card":null}

	at sun.reflect.NativeConstructorAccessorImpl.newInstance0(Native Method)
	at sun.reflect.NativeConstructorAccessorImpl.newInstance(Unknown Source)
	at sun.reflect.DelegatingConstructorAccessorImpl.newInstance(Unknown Source)
	at java.lang.reflect.Constructor.newInstance(Unknown Source)
	at org.codehaus.groovy.reflection.CachedConstructor.invoke(CachedConstructor.java:80)
	at org.codehaus.groovy.reflection.CachedConstructor.doConstructorInvoke(CachedConstructor.java:74)
	at org.codehaus.groovy.runtime.callsite.ConstructorSite$ConstructorSiteNoUnwrap.callConstructor(ConstructorSite.java:84)
	at org.codehaus.groovy.runtime.callsite.CallSiteArray.defaultCallConstructor(CallSiteArray.java:60)
	at org.codehaus.groovy.runtime.callsite.AbstractCallSite.callConstructor(AbstractCallSite.java:235)
	at org.codehaus.groovy.runtime.callsite.AbstractCallSite.callConstructor(AbstractCallSite.java:247)
	at com.jayway.restassured.internal.ResponseSpecificationImpl$HamcrestAssertionClosure.validate(ResponseSpecificationImpl.groovy:598)
	at com.jayway.restassured.internal.ResponseSpecificationImpl$HamcrestAssertionClosure$validate$1.call(Unknown Source)
	at com.jayway.restassured.internal.ResponseSpecificationImpl.validateResponseIfRequired(ResponseSpecificationImpl.groovy:760)
	at sun.reflect.NativeMethodAccessorImpl.invoke0(Native Method)
	at sun.reflect.NativeMethodAccessorImpl.invoke(Unknown Source)
	at sun.reflect.DelegatingMethodAccessorImpl.invoke(Unknown Source)
	at java.lang.reflect.Method.invoke(Unknown Source)
	at org.codehaus.groovy.runtime.callsite.PogoMetaMethodSite$PogoCachedMethodSiteNoUnwrapNoCoerce.invoke(PogoMetaMethodSite.java:210)
	at org.codehaus.groovy.runtime.callsite.PogoMetaMethodSite.callCurrent(PogoMetaMethodSite.java:59)
	at org.codehaus.groovy.runtime.callsite.CallSiteArray.defaultCallCurrent(CallSiteArray.java:52)
	at org.codehaus.groovy.runtime.callsite.AbstractCallSite.callCurrent(AbstractCallSite.java:154)
	at org.codehaus.groovy.runtime.callsite.AbstractCallSite.callCurrent(AbstractCallSite.java:166)
	at com.jayway.restassured.internal.ResponseSpecificationImpl.content(ResponseSpecificationImpl.groovy:92)
	at com.jayway.restassured.specification.ResponseSpecification$content$1.callCurrent(Unknown Source)
	at org.codehaus.groovy.runtime.callsite.CallSiteArray.defaultCallCurrent(CallSiteArray.java:52)
	at org.codehaus.groovy.runtime.callsite.AbstractCallSite.callCurrent(AbstractCallSite.java:154)
	at org.codehaus.groovy.runtime.callsite.AbstractCallSite.callCurrent(AbstractCallSite.java:174)
	at com.jayway.restassured.internal.ResponseSpecificationImpl.body(ResponseSpecificationImpl.groovy:230)
	at com.jayway.restassured.internal.ValidatableResponseOptionsImpl.body(ValidatableResponseOptionsImpl.java:258)
	at onGoByRestAssured.ApiTest.show_Guide_Braintree_Customer(ApiTest.java:149)
</failure>
    <system-out><![CDATA[Request method:	GET
Request path:	http://ongo.dev.lezgro.com/api/v1/users/me/customer
Proxy:			<none>
Request params:	<none>
Query params:	<none>
Form params:	<none>
Path params:	<none>
Multiparts:		<none>
Headers:		Access-Token=RQ5-9sXajZ9rJWJz6Ewz
				Accept=*/*
				Content-Type=application/json; charset=UTF-8
Cookies:		<none>
Body:			<none>
]]></system-out>
  </testcase>
  <testcase name="show_all_roles" classname="onGoByRestAssured.ApiTest" time="0.128"/>
  <testcase name="show_current_user" classname="onGoByRestAssured.ApiTest" time="0.103"/>
</testsuite>