<?xml version="1.0" encoding="UTF-8"?>
<testsuite name="TestSuite" time="2.249" tests="3" errors="0" skipped="0" failures="1">
  <properties>
[...]
</properties>
  <testcase name="login01" classname="onGoByRestAssured.ApiTest" time="1.941"/>
  <testcase name="show_all_roles" classname="onGoByRestAssured.ApiTest" time="0.149"/>
  <testcase name="show_current_user" classname="onGoByRestAssured.ApiTest" time="0.159">
    <failure message="Fucking shit is happened!  expected [201] but found [200]" type="java.lang.AssertionError">java.lang.AssertionError: Fucking shit is happened!  expected [201] but found [200]
	at org.testng.Assert.fail(Assert.java:94)
	at org.testng.Assert.failNotEquals(Assert.java:494)
	at org.testng.Assert.assertEquals(Assert.java:123)
	at org.testng.Assert.assertEquals(Assert.java:370)
	at onGoByRestAssured.ApiTest.show_current_user(ApiTest.java:98)
</failure>
    <system-out><![CDATA[method_name - show_current_user
url = http://ongo.dev.lezgro.com/api/v1/users/me
response = {"id":35,"first_name":"Tvlad","last_name":"Test","email":"trv01@cw.blueemails.com","phone_number":"+132456789","is_verified":false,"credit_card_token":null,"languages":"[\"en-US\", \"es-ES\"]","gender":2,"birthdate":"4/6/16","school":"","work":"","about_me":"Changed by Runscope","created_at":"2016-04-07T08:26:26.842Z","avatar":"/uploads/avatar/file/210/avatar_file_","cover_image":null,"access_token":"RQ5-9sXajZ9rJWJz6Ewz","role_id":2,"referral_link":"f958f624-3165-4c05-9270-d0a0aefe6ef0","guide_profile":{"id":55,"guide_id":35,"rating":null,"city":{"id":1,"name":"New York","latitude":null,"longitude":null},"rate":{"hourly":1099,"daily":6999,"halfday":null},"cover_image":null,"braintree_merchant_account_id":"tvladtest_instant_nbrwj3kp","verified":true}}
responseCode = 200
----------------------------------

]]></system-out>
  </testcase>
</testsuite>