<?xml version="1.0" encoding="UTF-8"?>
<testng-results skipped="0" failed="0" total="4" passed="4">
  <reporter-output>
  </reporter-output>
  <suite name="Default suite" duration-ms="3704" started-at="2016-05-05T14:05:03Z" finished-at="2016-05-05T14:05:06Z">
    <groups>
    </groups>
    <test name="Default test" duration-ms="3704" started-at="2016-05-05T14:05:03Z" finished-at="2016-05-05T14:05:06Z">
      <class name="onGoByRestAssured.ApiTest">
        <test-method status="PASS" signature="init()[pri:0, instance:onGoByRestAssured.ApiTest@17c68925]" name="init" is-config="true" duration-ms="133" started-at="2016-05-05T17:05:03Z" finished-at="2016-05-05T17:05:03Z">
          <reporter-output>
          </reporter-output>
        </test-method> <!-- init -->
        <test-method status="PASS" signature="login01()[pri:0, instance:onGoByRestAssured.ApiTest@17c68925]" name="login01" duration-ms="1683" started-at="2016-05-05T17:05:03Z" finished-at="2016-05-05T17:05:04Z">
          <reporter-output>
          </reporter-output>
        </test-method> <!-- login01 -->
        <test-method status="PASS" signature="ifAllBad(org.testng.ITestResult)[pri:0, instance:onGoByRestAssured.ApiTest@17c68925]" name="ifAllBad" is-config="true" duration-ms="230" started-at="2016-05-05T17:05:04Z" finished-at="2016-05-05T17:05:05Z">
          <params>
            <param index="0">
              <value>
                <![CDATA[[TestResult name=login01 status=SUCCESS method=ApiTest.login01()[pri:0, instance:onGoByRestAssured.ApiTest@17c68925] output={null}]]]>
              </value>
            </param>
          </params>
          <reporter-output>
          </reporter-output>
        </test-method> <!-- ifAllBad -->
        <test-method status="PASS" signature="show_Guide_Braintree_Customer()[pri:0, instance:onGoByRestAssured.ApiTest@17c68925]" name="show_Guide_Braintree_Customer" duration-ms="1437" started-at="2016-05-05T17:05:05Z" finished-at="2016-05-05T17:05:06Z">
          <reporter-output>
          </reporter-output>
        </test-method> <!-- show_Guide_Braintree_Customer -->
        <test-method status="PASS" signature="ifAllBad(org.testng.ITestResult)[pri:0, instance:onGoByRestAssured.ApiTest@17c68925]" name="ifAllBad" is-config="true" duration-ms="43" started-at="2016-05-05T17:05:06Z" finished-at="2016-05-05T17:05:06Z">
          <params>
            <param index="0">
              <value>
                <![CDATA[[TestResult name=show_Guide_Braintree_Customer status=SUCCESS method=ApiTest.show_Guide_Braintree_Customer()[pri:0, instance:onGoByRestAssured.ApiTest@17c68925] output={null}]]]>
              </value>
            </param>
          </params>
          <reporter-output>
          </reporter-output>
        </test-method> <!-- ifAllBad -->
        <test-method status="PASS" signature="show_all_roles()[pri:0, instance:onGoByRestAssured.ApiTest@17c68925]" name="show_all_roles" duration-ms="104" started-at="2016-05-05T17:05:06Z" finished-at="2016-05-05T17:05:06Z">
          <reporter-output>
          </reporter-output>
        </test-method> <!-- show_all_roles -->
        <test-method status="PASS" signature="ifAllBad(org.testng.ITestResult)[pri:0, instance:onGoByRestAssured.ApiTest@17c68925]" name="ifAllBad" is-config="true" duration-ms="40" started-at="2016-05-05T17:05:06Z" finished-at="2016-05-05T17:05:06Z">
          <params>
            <param index="0">
              <value>
                <![CDATA[[TestResult name=show_all_roles status=SUCCESS method=ApiTest.show_all_roles()[pri:0, instance:onGoByRestAssured.ApiTest@17c68925] output={null}]]]>
              </value>
            </param>
          </params>
          <reporter-output>
          </reporter-output>
        </test-method> <!-- ifAllBad -->
        <test-method status="PASS" signature="show_current_user()[pri:0, instance:onGoByRestAssured.ApiTest@17c68925]" name="show_current_user" duration-ms="115" started-at="2016-05-05T17:05:06Z" finished-at="2016-05-05T17:05:06Z">
          <reporter-output>
          </reporter-output>
        </test-method> <!-- show_current_user -->
        <test-method status="PASS" signature="ifAllBad(org.testng.ITestResult)[pri:0, instance:onGoByRestAssured.ApiTest@17c68925]" name="ifAllBad" is-config="true" duration-ms="40" started-at="2016-05-05T17:05:06Z" finished-at="2016-05-05T17:05:06Z">
          <params>
            <param index="0">
              <value>
                <![CDATA[[TestResult name=show_current_user status=SUCCESS method=ApiTest.show_current_user()[pri:0, instance:onGoByRestAssured.ApiTest@17c68925] output={null}]]]>
              </value>
            </param>
          </params>
          <reporter-output>
          </reporter-output>
        </test-method> <!-- ifAllBad -->
      </class> <!-- onGoByRestAssured.ApiTest -->
    </test> <!-- Default test -->
  </suite> <!-- Default suite -->
</testng-results>
